<?xml version="1.0" encoding="UTF-8"?>
<!-- Generated by org.testng.reporters.JUnitXMLReporter -->
<testsuite ignored="0" hostname="Bicky" failures="0" tests="1" name="Test" time="3.932" errors="0" timestamp="2023-08-02T22:12:45 IST">
  <testcase classname="genrics.Fb_basetest" name="@BeforeClass setup" time="3.863">
    <failure type="java.lang.NullPointerException" message="inStream parameter is null">
      <![CDATA[java.lang.NullPointerException: inStream parameter is null
at java.base/java.util.Objects.requireNonNull(Objects.java:259)
at java.base/java.util.Properties.load(Properties.java:408)
at genrics.Fb_basetest.setup(Fb_basetest.java:35)
at java.base/java.util.ArrayList.forEach(ArrayList.java:1511)
... Removed 23 stack frames]]>
    </failure>
  </testcase> <!-- @BeforeClass setup -->
  <testcase classname="genrics.Fb_basetest" name="@AfterClass teardown" time="0.0">
    <skipped/>
  </testcase> <!-- @AfterClass teardown -->
  <testcase classname="test_case.TC_Fb_signup" name="tc" time="0.0">
    <skipped/>
  </testcase> <!-- tc -->
</testsuite> <!-- Test -->
