<?xml version="1.0" encoding="UTF-8"?>
<testng-results ignored="0" total="2" passed="2" failed="0" skipped="0">
  <reporter-output>
    <line>
      <![CDATA[execution started]]>
    </line>
    <line>
      <![CDATA[execution completed]]>
    </line>
  </reporter-output>
  <suite started-at="2023-08-06T20:14:36 IST" name="Suite" finished-at="2023-08-06T20:15:13 IST" duration-ms="37435">
    <groups>
    </groups>
    <test started-at="2023-08-06T20:14:36 IST" name="Test" finished-at="2023-08-06T20:15:13 IST" duration-ms="37435">
      <class name="com.actitme.testcases.TC_ActitimeLoginLogout">
        <test-method is-config="true" signature="executionStart()[pri:0, instance:com.actitme.testcases.TC_ActitimeLoginLogout@52bf72b5]" started-at="2023-08-06T20:14:36 IST" name="executionStart" finished-at="2023-08-06T20:14:36 IST" duration-ms="10" status="PASS">
          <reporter-output>
            <line>
              <![CDATA[execution started]]>
            </line>
          </reporter-output>
        </test-method> <!-- executionStart -->
        <test-method is-config="true" signature="setup()[pri:0, instance:com.actitme.testcases.TC_ActitimeLoginLogout@52bf72b5]" started-at="2023-08-06T20:14:36 IST" name="setup" finished-at="2023-08-06T20:14:58 IST" duration-ms="21607" status="PASS">
          <reporter-output>
          </reporter-output>
        </test-method> <!-- setup -->
        <test-method signature="loginlogout()[pri:0, instance:com.actitme.testcases.TC_ActitimeLoginLogout@52bf72b5]" started-at="2023-08-06T20:14:58 IST" name="loginlogout" finished-at="2023-08-06T20:15:07 IST" duration-ms="9745" status="PASS">
          <reporter-output>
          </reporter-output>
        </test-method> <!-- loginlogout -->
        <test-method signature="titlevalidation()[pri:0, instance:com.actitme.testcases.TC_ActitimeLoginLogout@52bf72b5]" started-at="2023-08-06T20:15:07 IST" name="titlevalidation" finished-at="2023-08-06T20:15:13 IST" depends-on-methods="com.actitme.testcases.TC_ActitimeLoginLogout.loginlogout" duration-ms="6028" status="PASS">
          <reporter-output>
          </reporter-output>
        </test-method> <!-- titlevalidation -->
        <test-method is-config="true" signature="teardown()[pri:0, instance:com.actitme.testcases.TC_ActitimeLoginLogout@52bf72b5]" started-at="2023-08-06T20:15:13 IST" name="teardown" finished-at="2023-08-06T20:15:13 IST" duration-ms="1" status="PASS">
          <reporter-output>
          </reporter-output>
        </test-method> <!-- teardown -->
        <test-method is-config="true" signature="executionComplete()[pri:0, instance:com.actitme.testcases.TC_ActitimeLoginLogout@52bf72b5]" started-at="2023-08-06T20:15:14 IST" name="executionComplete" finished-at="2023-08-06T20:15:14 IST" duration-ms="0" status="PASS">
          <reporter-output>
            <line>
              <![CDATA[execution completed]]>
            </line>
          </reporter-output>
        </test-method> <!-- executionComplete -->
      </class> <!-- com.actitme.testcases.TC_ActitimeLoginLogout -->
    </test> <!-- Test -->
  </suite> <!-- Suite -->
</testng-results>
